Command: /home/uriaz/misc/mult/simv -sml=verdi +UVM_VERDI_TRACE=UVM_AWARE +fsdb+gate=off -ucli2Proc -ucli -l /home/uriaz/misc/mult/verdiLog/sim.log
Chronologic VCS simulator copyright 1991-2020
Contains Synopsys proprietary information.
Compiler version R-2020.12_Full64; Runtime version R-2020.12_Full64;  Oct 15 12:45 2022

ucli% synUtils::getArch
linux64
ucli% loaddl -simv /eda/synopsys/2020-21/RHELx86/VERDI_2020.12/share/PLI/VCS/LINUXAMD64/libnovas.so LoadFSDBDumpCmd;LoadFSDBDumpCmd
LoadFSDBDumpCmd success
ucli% config ckptfsdbcheck off;config endofsim noexit;config onfail {enable all};config followactivescope on;catch {setUcliVerdiConnected};set watch::resultTagsForVerdiBP {<ucli_break_bp_status_begin> <ucli_break_bp_status_end>};set ucliCore::support_restore_through_stask_in_verdi 1;cbug::config pretty_print auto;fsdbDumpfile {/home/uriaz/misc/mult/inter.fsdb} ;fsdbDumpflush ; 
*Verdi* Loading libsscore_vcs202012.so
FSDB Dumper for VCS, Release Verdi_R-2020.12, Linux x86_64/64bit, 11/19/2020
(C) 1996 - 2020 by Synopsys, Inc.
*Verdi* : Create FSDB file '/home/uriaz/misc/mult/inter.fsdb'
*Verdi* : Flush all FSDB Files at 0 ps.

ucli% synEnv::hasFataled
0
ucli% ucliCore::getToolPID
314119
ucli% sps_interactive
*Verdi* : Enable RPC Server(314119)

ucli% ucliCore::getToolPID
314119
ucli% ucliCore::getToolPID
314119
ucli% if {[catch {ucliCore::setFocus tool}]} {}

ucli% puts $ucliCore::nativeUcliMode
0

ucli% ucliCore::getToolTopPID
314119
ucli% pid
314143
ucli% synUtils::sendTool -active {_icl_createSharedMemory /tmp/vcs_dve_general.uriaz.314119 }

ucli% if { [info vars watch::vcbp_str_len_limit_of_get_value] != ""} {set watch::vcbp_str_len_limit_of_get_value 1024}
1024
ucli% info command stateVerdiChangeCB

ucli% proc stateVerdiChangeCB args { if {$ucliGUI::state eq "terminated"} {puts "\n<VERDI_Terminated>\n";catch {setVerdiSimTerminated}}}

ucli% trace variable ucliGUI::state wu stateVerdiChangeCB

ucli% if {[catch {rename synopsys::restore verdiHack::restore} ]} {puts "0"}

ucli% proc synopsys::restore {args} { verdiHack::restore $args; puts "\n<VERDI_RESTORE>\n"}

ucli% if {[catch {rename quit verdiHack::quit} ]} {puts "0"}

ucli% proc quit {args} { if {[string length $args] == 0} { verdiHack::quit; } elseif {([string equal "-h" $args] == 1)||([string equal "-he" $args] == 1)||([string equal "-hel" $args] == 1)||([string equal "-help" $args] == 1)} { puts "\n quit           # Exit the simulation.\n \[-noprompt\]        (Exit the simulation and Verdi.)\n"} elseif {([string equal "-n" $args] == 1)||([string equal "-no" $args] == 1)||([string equal "-nop" $args] == 1)||([string equal "-nopr" $args] == 1)||([string equal "-nopro" $args] == 1)||([string equal "-noprom" $args] == 1)||([string equal "-nopromp" $args] == 1)||([string equal "-noprompt" $args] == 1)} { puts "\nVERDI_EXIT_N\n" } else { verdiHack::quit $args; } }

ucli% if {[catch {rename exit verdiHack::exit} ]} {puts "0"}

ucli% proc exit {args} { if {[string length $args] == 0} { verdiHack::exit; } elseif {([string equal "-h" $args] == 1)||([string equal "-he" $args] == 1)||([string equal "-hel" $args] == 1)||([string equal "-help" $args] == 1)} { puts "\n exit           # Exit the simulation.\n \[-noprompt\]        (Exit the simulation and Verdi.)\n"} elseif {([string equal "-n" $args] == 1)||([string equal "-no" $args] == 1)||([string equal "-nop" $args] == 1)||([string equal "-nopr" $args] == 1)||([string equal "-nopro" $args] == 1)||([string equal "-noprom" $args] == 1)||([string equal "-nopromp" $args] == 1)||([string equal "-noprompt" $args] == 1)} { puts "\nVERDI_EXIT_N\n" } else { verdiHack::exit $args; } }

ucli% proc checkpoint::beforeRecreate {} { sps_interactive }

ucli% if {[catch {ucliCore::setFocus tool}]} {}

ucli% save::getUserdefinedProcs
::ipi_get_str ::fsdbDumpMDAByFile ::fsdbDumpMDA ::fsdbDumpMemNow ::fsdbAutoSwitchDumpfile ::sps_interactive ::fsdbDumpfile ::stateVerdiChangeCB ::fsdbDumpSingle ::ipi_begin ::fsdbDumpoff ::fsdbDumplimit ::fsdbDumpPattern ::ipi_handle ::fsdbDumpvarsByFile ::fsdbDumpMDAInScope ::ipi_sim_get ::fsdbAddRuntimeSignal ::fsdbDumpSC ::ridbDump ::fsdbDumpSVAoff ::fsdbSuppress ::fsdbDumpvars ::fsdbDumpMDAOnChange ::ipi_control ::fsdbDumpMem ::ipi_handle_by_name ::fsdbDumpMemInScope ::fsdbDumpFinish ::fsdbDumpon ::fsdbQueryInfo ::LoadFSDBDumpCmd ::fsdbDumpPSL ::fsdbDumpSVA ::ipi_end ::fsdbDumpSVAon ::fsdbDumpClassObjectByFile ::fsdbDumpPSLon ::ipi_get_int64 ::fsdbSubstituteHier ::ipi_get_value ::ipi_iterate ::fsdbDumpMemInFile ::fsdbDumpflush ::ipi_scan ::fsdbDumpPSLoff ::fsdbDumpClassObject ::fsdbDumpvarsToFile ::fsdbDumpStrength ::fsdbSwitchDumpfile ::fsdbDumpvarsES ::fsdbDisplay ::ipi_handle_free ::ipi_get ::fsdbDumpMDANow ::ipi_init_play_tcl ::fsdbDumpIO
ucli% info procs
ipi_get_str fsdbDumpMDAByFile fsdbDumpMDA echo fsdbDumpMemNow fsdbAutoSwitchDumpfile unknown sps_interactive auto_import stat fsdbDumpfile setenv auto_execok pkg_mkIndex stateVerdiChangeCB fsdbDumpSingle proc_body ipi_begin fsdbDumpoff getenv fsdbDumplimit fsdbDumpPattern ipi_handle fsdbDumpvarsByFile fsdbDumpMDAInScope lminus ipi_sim_get ls auto_load_index proc_args fsdbAddRuntimeSignal fsdbDumpSC print_message_info ridbDump fsdbDumpSVAoff fsdbSuppress fsdbDumpvars help fsdbDumpMDAOnChange ipi_control auto_qualify fsdbDumpMem tclPkgUnknown printenv ipi_handle_by_name helpdoc fsdbDumpMemInScope fsdbDumpFinish is_true fsdbDumpon sh fsdbQueryInfo LoadFSDBDumpCmd fsdbDumpPSL fsdbDumpSVA ipi_end wrapperSpecmanSn fsdbDumpSVAon fsdbDumpClassObjectByFile is_false auto_load fsdbDumpPSLon ipi_get_int64 fsdbSubstituteHier ipi_get_value ipi_iterate exit fsdbDumpMemInFile tclLog fsdbDumpflush get_unix_variable mem_debug ipi_scan fsdbDumpPSLoff fsdbDumpClassObject fsdbDumpvarsToFile set_unix_variable bgerror fsdbDumpStrength clock add_group fsdbSwitchDumpfile source add_wave unsetenv fsdbDumpvarsES readline fsdbDisplay ipi_handle_free set_group ipi_get quit define_proc_attributes tclPkgSetup fsdbDumpMDANow ipi_init_play_tcl fsdbDumpIO
ucli% set ucliCore::resultTagsForVerdi [list <?special_verdi_begin?> <?special_verdi_end?>]
<?special_verdi_begin?> <?special_verdi_end?>
ucli% if {[catch {ucliCore::setFocus tool}]} {}

ucli% fsdbDumpflush 
*Verdi* : Flush all FSDB Files at 0 ps.

ucli% senv
activeDomain: Verilog
activeFile: mult_tb.sv
activeFrame: 
activeLine: 3
activeScope: tb
activeThread: 
endCol: 0
file: mult_tb.sv
frame: 
fsdbFilename: 
hasTB: 0
inputFilename: 
keyFilename: ucli.key
line: 3
logFilename: /home/uriaz/misc/mult/verdiLog/sim.log
macroIndex: -1
macroOffset: -1
pid: 314119
scope: tb
startCol: 0
state: stopped
thread: 
time: 0
timePrecision: 1 ps
vcdFilename: 
vpdFilename:
ucli% synUtils::resolveSourceFilename mult_tb.sv
mult_tb.sv
ucli% puts $::ucliCore::cbug_active
0

ucli% if {[catch {ucliCore::setFocus tool}]} {}

ucli% checkpoint -list -all
There are no checkpoints present.
ucli% stop
No stop points are set
ucli% if {[catch {ucliCore::setFocus tool}]} {}

ucli% fsdbDumpvars 1 "tb.u0"  +all +trace_process;fsdbDumpflush 
*Verdi* : Begin traversing the scope (tb.u0), layer (1).
*Verdi* : Enable +trace_process and +all dumping.
*Verdi* : End of traversing.
*Verdi* : Flush all FSDB Files at 0 ps.

ucli% if {[catch {ucliCore::setFocus tool}]} {}

ucli% run
$finish called from file "mult_tb.sv", line 33.
$finish at simulation time               250000
Simulation complete, time is 250000 ps.
mult_tb.sv, 33 :   #100 $finish;

ucli% synEnv::hasFataled
0
ucli% ucliCore::getToolPID
314119
ucli% save::getUserdefinedProcs
::ipi_get_str ::fsdbDumpMDAByFile ::fsdbDumpMDA ::fsdbDumpMemNow ::fsdbAutoSwitchDumpfile ::sps_interactive ::fsdbDumpfile ::stateVerdiChangeCB ::fsdbDumpSingle ::ipi_begin ::fsdbDumpoff ::fsdbDumplimit ::fsdbDumpPattern ::ipi_handle ::fsdbDumpvarsByFile ::fsdbDumpMDAInScope ::ipi_sim_get ::fsdbAddRuntimeSignal ::fsdbDumpSC ::ridbDump ::fsdbDumpSVAoff ::fsdbSuppress ::fsdbDumpvars ::fsdbDumpMDAOnChange ::ipi_control ::fsdbDumpMem ::ipi_handle_by_name ::fsdbDumpMemInScope ::fsdbDumpFinish ::fsdbDumpon ::fsdbQueryInfo ::LoadFSDBDumpCmd ::fsdbDumpPSL ::fsdbDumpSVA ::ipi_end ::fsdbDumpSVAon ::fsdbDumpClassObjectByFile ::fsdbDumpPSLon ::ipi_get_int64 ::fsdbSubstituteHier ::ipi_get_value ::ipi_iterate ::fsdbDumpMemInFile ::fsdbDumpflush ::ipi_scan ::fsdbDumpPSLoff ::fsdbDumpClassObject ::fsdbDumpvarsToFile ::fsdbDumpStrength ::fsdbSwitchDumpfile ::fsdbDumpvarsES ::fsdbDisplay ::ipi_handle_free ::ipi_get ::fsdbDumpMDANow ::ipi_init_play_tcl ::fsdbDumpIO
ucli% if {[catch {ucliCore::setFocus tool}]} {}

ucli% fsdbDumpflush 
*Verdi* : Flush all FSDB Files at 250,000 ps.

ucli% senv
activeDomain: Verilog
activeFile: mult_tb.sv
activeFrame: 
activeLine: 33
activeScope: tb
activeThread: 
endCol: 0
file: mult_tb.sv
frame: 
fsdbFilename: 
hasTB: 0
inputFilename: 
keyFilename: ucli.key
line: 33
logFilename: /home/uriaz/misc/mult/verdiLog/sim.log
macroIndex: -1
macroOffset: -1
pid: 314119
scope: tb
startCol: 0
state: stopped
thread: 
time: 250000
timePrecision: 1 ps
vcdFilename: 
vpdFilename:
ucli% synUtils::resolveSourceFilename mult_tb.sv
mult_tb.sv
ucli% puts $::ucliCore::cbug_active
0

ucli% if {[catch {ucliCore::setFocus tool}]} {}

ucli% checkpoint -list -all
There are no checkpoints present.
ucli% if {[catch {ucliCore::setFocus tool}]} {}

ucli% stop
No stop points are set
ucli% if {[catch {ucliCore::setFocus tool}]} {}

ucli% finish; quit
           V C S   S i m u l a t i o n   R e p o r t 
Time: 250000 ps
CPU Time:      0.090 seconds;       Data structure size:   0.0Mb
Sat Oct 15 12:46:20 2022

<VERDI_Terminated>

