version: (200506)

available memory: 64M bytes
used memory: 155648 bytes [need 152K bytes if disable swap]

used block: 5 [memory(5) file(0)]
                 [ 8K(3) 64K(2) { total 152K bytes } ]
overhead: (9538) bytes for (5) blocks [Average: (1907) bytes/block]

write  => 0(times) 0K(bytes) [0K bytes to file]
read   => 2(times) 16K(bytes) [2K bytes compressed data from file]
access => 195060(times) 1529M(bytes)
          [hit ratio: 99.999%]

time: write(0) read(0)  unit: second

swap file directory: (/home/uriaz/misc/mult/verdiLog)
used swap file number: (3)



swap file manager:
arrSize: (256)
idxCnt: (4)
closeHead: (1)
closeTail: (3)
openCnt: (3)
fid(3): fd(1073741825) fileName(/home/uriaz/misc/mult/simv.daidir/kdb.elab++/work.lib++/mult_8x8.sv.tdc)
	size(3409) lastModTime(1665830695) curModTime(1665830695)
	mode(rb)	hot(0) cool(2) pos(0)
fid(2): fd(28) fileName(/home/uriaz/misc/mult/verdiLog/_swap_0001#2088271309#314003)
	size(0) lastModTime(0) curModTime(1665830717)
	mode(w+b)	hot(3) cool(1) pos(0)
fid(1): fd(1073741824) fileName(/home/uriaz/misc/mult/simv.daidir/kdb.elab++/work.lib++/mult_tb.sv.tdc)
	size(1484) lastModTime(1665830695) curModTime(1665830695)
	mode(rb)	hot(2) cool(0) pos(0)
fid(0): fd(0) fileName(NULL)
	mode(NULL)	hot(0) cool(0) pos(0)
==================================================
mySelf(150c1ae0) pre(158a0560) next(0)
version(200506)
date(Oct 30 2020 03:36:36)
