*design* DebussyLib (btIdent Verdi_R-2020.12)
Command arguments:  -lib  /home/uriaz/misc/mult/synth.daidir/work  -saveLevel  -elab  /home/uriaz/misc/mult/synth.daidir/kdb  -simflow  -simdir  /home/uriaz/misc/mult/synth.daidir/kdb_libs  -topfile  /home/uriaz/misc/mult/synth.daidir/.elabcomTopFile  -pkgfile  /home/uriaz/misc/mult/synth.daidir/.elabcomPkgFile  -ssz  -ssv  -ssy  -Lf  work  +disable_message+C00380+C00381  +disable_message+C00388+C00389  -SNPS_ELABCOM  -saveElab 

*Error* view FD2 is not defined for instance \currSt_reg[0]
"report_mult_8x8/mult_8x8_gtlvl.v", 256: 

*Error* view FD2 is not defined for instance \par_prod2L_reg_reg[7]
"report_mult_8x8/mult_8x8_gtlvl.v", 257: 

*Error* view FD2 is not defined for instance \par_prod2L_reg_reg[6]
"report_mult_8x8/mult_8x8_gtlvl.v", 259: 

*Error* view FD2 is not defined for instance \par_prod2L_reg_reg[5]
"report_mult_8x8/mult_8x8_gtlvl.v", 261: 

*Error* view FD2 is not defined for instance \par_prod1L_reg_reg[7]
"report_mult_8x8/mult_8x8_gtlvl.v", 263: 

*Error* view FD2 is not defined for instance \par_prod1L_reg_reg[6]
"report_mult_8x8/mult_8x8_gtlvl.v", 265: 

*Error* view FD2 is not defined for instance \par_prod1L_reg_reg[5]
"report_mult_8x8/mult_8x8_gtlvl.v", 267: 

*Error* view FD2 is not defined for instance \par_prod1L_reg_reg[3]
"report_mult_8x8/mult_8x8_gtlvl.v", 269: 

*Error* view FD2 is not defined for instance \par_prod1L_reg_reg[2]
"report_mult_8x8/mult_8x8_gtlvl.v", 271: 

*Error* view FD2 is not defined for instance \par_prod1L_reg_reg[1]
"report_mult_8x8/mult_8x8_gtlvl.v", 273: 

*Error* view FD2 is not defined for instance \par_prod1H_reg_reg[7]
"report_mult_8x8/mult_8x8_gtlvl.v", 275: 

*Error* view FD2 is not defined for instance \par_prod2H_reg_reg[7]
"report_mult_8x8/mult_8x8_gtlvl.v", 277: 

*Error* view FD2 is not defined for instance \par_prod2H_reg_reg[6]
"report_mult_8x8/mult_8x8_gtlvl.v", 279: 

*Error* view FD2 is not defined for instance \par_prod2H_reg_reg[5]
"report_mult_8x8/mult_8x8_gtlvl.v", 281: 

*Error* view FD2 is not defined for instance \par_prod2H_reg_reg[4]
"report_mult_8x8/mult_8x8_gtlvl.v", 283: 

*Error* view FD2 is not defined for instance \par_prod2H_reg_reg[3]
"report_mult_8x8/mult_8x8_gtlvl.v", 285: 

*Error* view FD2 is not defined for instance \par_prod2H_reg_reg[2]
"report_mult_8x8/mult_8x8_gtlvl.v", 287: 

*Error* view FD2 is not defined for instance \par_prod2H_reg_reg[1]
"report_mult_8x8/mult_8x8_gtlvl.v", 289: 

*Error* view FD2 is not defined for instance \par_prod2L_reg_reg[4]
"report_mult_8x8/mult_8x8_gtlvl.v", 291: 

*Error* view FD2 is not defined for instance \par_prod1L_reg_reg[4]
"report_mult_8x8/mult_8x8_gtlvl.v", 293: 

*Error* view FD2 is not defined for instance \par_prod1L_reg_reg[0]
"report_mult_8x8/mult_8x8_gtlvl.v", 295: 

*Error* view FD2 is not defined for instance \par_prod1H_reg_reg[6]
"report_mult_8x8/mult_8x8_gtlvl.v", 297: 

*Error* view FD2 is not defined for instance \par_prod1H_reg_reg[5]
"report_mult_8x8/mult_8x8_gtlvl.v", 299: 

*Error* view FD2 is not defined for instance \par_prod1H_reg_reg[4]
"report_mult_8x8/mult_8x8_gtlvl.v", 301: 

*Error* view FD2 is not defined for instance \par_prod1H_reg_reg[3]
"report_mult_8x8/mult_8x8_gtlvl.v", 303: 

*Error* view FD2 is not defined for instance \par_prod1H_reg_reg[2]
"report_mult_8x8/mult_8x8_gtlvl.v", 305: 

*Error* view FD2 is not defined for instance \par_prod1H_reg_reg[1]
"report_mult_8x8/mult_8x8_gtlvl.v", 307: 

*Error* view FD2 is not defined for instance \par_prod2H_reg_reg[0]
"report_mult_8x8/mult_8x8_gtlvl.v", 309: 

*Error* view FD2 is not defined for instance \par_prod1H_reg_reg[0]
"report_mult_8x8/mult_8x8_gtlvl.v", 327: 

*Error* view FD2 is not defined for instance \par_prod2L_reg_reg[3]
"report_mult_8x8/mult_8x8_gtlvl.v", 353: 

*Error* view FD2 is not defined for instance \par_prod2L_reg_reg[2]
"report_mult_8x8/mult_8x8_gtlvl.v", 355: 

*Error* view FD2 is not defined for instance \par_prod2L_reg_reg[1]
"report_mult_8x8/mult_8x8_gtlvl.v", 357: 

*Error* view FD2 is not defined for instance \par_prod2L_reg_reg[0]
"report_mult_8x8/mult_8x8_gtlvl.v", 359: 

*Error* view LD1 is not defined for instance \m2_in1_reg[3]
"report_mult_8x8/mult_8x8_gtlvl.v", 311: 

*Error* view LD1 is not defined for instance \m2_in1_reg[2]
"report_mult_8x8/mult_8x8_gtlvl.v", 312: 

*Error* view LD1 is not defined for instance \m2_in1_reg[1]
"report_mult_8x8/mult_8x8_gtlvl.v", 313: 

*Error* view LD1 is not defined for instance \m2_in1_reg[0]
"report_mult_8x8/mult_8x8_gtlvl.v", 314: 

*Error* view LD1 is not defined for instance \m2_in2_reg[3]
"report_mult_8x8/mult_8x8_gtlvl.v", 315: 

*Error* view LD1 is not defined for instance \m2_in2_reg[2]
"report_mult_8x8/mult_8x8_gtlvl.v", 316: 

*Error* view LD1 is not defined for instance \m2_in2_reg[1]
"report_mult_8x8/mult_8x8_gtlvl.v", 317: 

*Error* view LD1 is not defined for instance \m2_in2_reg[0]
"report_mult_8x8/mult_8x8_gtlvl.v", 318: 

*Error* view LD1 is not defined for instance \m1_in1_reg[3]
"report_mult_8x8/mult_8x8_gtlvl.v", 319: 

*Error* view LD1 is not defined for instance \m1_in1_reg[2]
"report_mult_8x8/mult_8x8_gtlvl.v", 320: 

*Error* view LD1 is not defined for instance \m1_in1_reg[1]
"report_mult_8x8/mult_8x8_gtlvl.v", 321: 

*Error* view LD1 is not defined for instance \m1_in1_reg[0]
"report_mult_8x8/mult_8x8_gtlvl.v", 322: 

*Error* view LD1 is not defined for instance \m1_in2_reg[3]
"report_mult_8x8/mult_8x8_gtlvl.v", 323: 

*Error* view LD1 is not defined for instance \m1_in2_reg[2]
"report_mult_8x8/mult_8x8_gtlvl.v", 324: 

*Error* view LD1 is not defined for instance \m1_in2_reg[1]
"report_mult_8x8/mult_8x8_gtlvl.v", 325: 

*Error* view LD1 is not defined for instance \m1_in2_reg[0]
"report_mult_8x8/mult_8x8_gtlvl.v", 326: 

*Error* view FA1A is not defined for instance \add_1_root_add_0_root_add_93_3/U1_10
"report_mult_8x8/mult_8x8_gtlvl.v", 329: 

*Error* view FA1A is not defined for instance \add_1_root_add_0_root_add_93_3/U1_9
"report_mult_8x8/mult_8x8_gtlvl.v", 333: 

*Error* view FA1A is not defined for instance \add_2_root_add_0_root_add_93_3/U1_6
"report_mult_8x8/mult_8x8_gtlvl.v", 337: 

*Error* view FA1A is not defined for instance \add_2_root_add_0_root_add_93_3/U1_5
"report_mult_8x8/mult_8x8_gtlvl.v", 341: 

*Error* view FA1A is not defined for instance \add_1_root_add_0_root_add_93_3/U1_11
"report_mult_8x8/mult_8x8_gtlvl.v", 345: 

*Error* view FA1A is not defined for instance \add_2_root_add_0_root_add_93_3/U1_7
"report_mult_8x8/mult_8x8_gtlvl.v", 349: 

*Error* view IVP is not defined for instance U13
"report_mult_8x8/mult_8x8_gtlvl.v", 361: 

*Error* view IVP is not defined for instance U14
"report_mult_8x8/mult_8x8_gtlvl.v", 362: 

*Error* view IVP is not defined for instance U15
"report_mult_8x8/mult_8x8_gtlvl.v", 363: 

*Error* view IVP is not defined for instance U16
"report_mult_8x8/mult_8x8_gtlvl.v", 364: 

*Error* view IVP is not defined for instance U17
"report_mult_8x8/mult_8x8_gtlvl.v", 365: 

*Error* view IVP is not defined for instance U18
"report_mult_8x8/mult_8x8_gtlvl.v", 366: 

*Error* view IVP is not defined for instance U19
"report_mult_8x8/mult_8x8_gtlvl.v", 367: 

*Error* view IVP is not defined for instance U20
"report_mult_8x8/mult_8x8_gtlvl.v", 368: 

*Error* view IVP is not defined for instance U21
"report_mult_8x8/mult_8x8_gtlvl.v", 369: 

*Error* view IVP is not defined for instance U22
"report_mult_8x8/mult_8x8_gtlvl.v", 370: 

*Error* view IVP is not defined for instance U23
"report_mult_8x8/mult_8x8_gtlvl.v", 371: 

*Error* view IVP is not defined for instance U25
"report_mult_8x8/mult_8x8_gtlvl.v", 373: 

*Error* view IVP is not defined for instance U27
"report_mult_8x8/mult_8x8_gtlvl.v", 375: 

*Error* view IVP is not defined for instance U29
"report_mult_8x8/mult_8x8_gtlvl.v", 377: 

*Error* view AO2 is not defined for instance U24
"report_mult_8x8/mult_8x8_gtlvl.v", 372: 

*Error* view AO2 is not defined for instance U26
"report_mult_8x8/mult_8x8_gtlvl.v", 374: 

*Error* view AO2 is not defined for instance U28
"report_mult_8x8/mult_8x8_gtlvl.v", 376: 

*Error* view AO2 is not defined for instance U30
"report_mult_8x8/mult_8x8_gtlvl.v", 378: 

*Error* view EO is not defined for instance U31
"report_mult_8x8/mult_8x8_gtlvl.v", 379: 

*Error* view EO is not defined for instance U34
"report_mult_8x8/mult_8x8_gtlvl.v", 384: 

*Error* view EO is not defined for instance U36
"report_mult_8x8/mult_8x8_gtlvl.v", 389: 

*Error* view EO is not defined for instance U38
"report_mult_8x8/mult_8x8_gtlvl.v", 394: 

*Error* view EO is not defined for instance U40
"report_mult_8x8/mult_8x8_gtlvl.v", 397: 

*Error* view EO is not defined for instance U42
"report_mult_8x8/mult_8x8_gtlvl.v", 400: 

*Error* view EO is not defined for instance U43
"report_mult_8x8/mult_8x8_gtlvl.v", 402: 

*Error* view EO is not defined for instance U45
"report_mult_8x8/mult_8x8_gtlvl.v", 407: 

*Error* view EO is not defined for instance U47
"report_mult_8x8/mult_8x8_gtlvl.v", 412: 

*Error* view EO is not defined for instance U49
"report_mult_8x8/mult_8x8_gtlvl.v", 417: 

*Error* view ND2 is not defined for instance U32
"report_mult_8x8/mult_8x8_gtlvl.v", 380: 

*Error* view AN2 is not defined for instance U33
"report_mult_8x8/mult_8x8_gtlvl.v", 382: 

*Error* view AN2 is not defined for instance U35
"report_mult_8x8/mult_8x8_gtlvl.v", 387: 

*Error* view AN2 is not defined for instance U37
"report_mult_8x8/mult_8x8_gtlvl.v", 392: 

*Error* view AN2 is not defined for instance U39
"report_mult_8x8/mult_8x8_gtlvl.v", 395: 

*Error* view AN2 is not defined for instance U41
"report_mult_8x8/mult_8x8_gtlvl.v", 398: 

*Error* view AN2 is not defined for instance U44
"report_mult_8x8/mult_8x8_gtlvl.v", 405: 

*Error* view AN2 is not defined for instance U46
"report_mult_8x8/mult_8x8_gtlvl.v", 410: 

*Error* view AN2 is not defined for instance U48
"report_mult_8x8/mult_8x8_gtlvl.v", 415: 

*Error* view FA1A is not defined for instance U1_11
"report_mult_8x8/mult_8x8_gtlvl.v", 21: 

*Error* view FA1A is not defined for instance U1_10
"report_mult_8x8/mult_8x8_gtlvl.v", 23: 

*Error* view FA1A is not defined for instance U1_9
"report_mult_8x8/mult_8x8_gtlvl.v", 25: 

*Error* view FA1A is not defined for instance U1_8
"report_mult_8x8/mult_8x8_gtlvl.v", 26: 

*Error* view FA1A is not defined for instance U1_7
"report_mult_8x8/mult_8x8_gtlvl.v", 27: 

*Error* view FA1A is not defined for instance U1_6
"report_mult_8x8/mult_8x8_gtlvl.v", 28: 

*Error* view FA1A is not defined for instance U1_5
"report_mult_8x8/mult_8x8_gtlvl.v", 29: 

*Error* view FA1A is not defined for instance U1_12
"report_mult_8x8/mult_8x8_gtlvl.v", 30: 

*Error* view EO is not defined for instance U1
"report_mult_8x8/mult_8x8_gtlvl.v", 32: 

*Error* view EO is not defined for instance U2
"report_mult_8x8/mult_8x8_gtlvl.v", 33: 

*Error* view EO is not defined for instance U3
"report_mult_8x8/mult_8x8_gtlvl.v", 34: 

*Error* view EN is not defined for instance U4
"report_mult_8x8/mult_8x8_gtlvl.v", 35: 

*Error* view ND2 is not defined for instance U5
"report_mult_8x8/mult_8x8_gtlvl.v", 36: 

*Error* view AN2P is not defined for instance U6
"report_mult_8x8/mult_8x8_gtlvl.v", 37: 

*Error* view AN2P is not defined for instance U7
"report_mult_8x8/mult_8x8_gtlvl.v", 38: 

*Error* view FA1A is not defined for instance S4_0
"report_mult_8x8/mult_8x8_gtlvl.v", 57: 

*Error* view FA1A is not defined for instance S1_2_0
"report_mult_8x8/mult_8x8_gtlvl.v", 59: 

*Error* view FA1A is not defined for instance S5_2
"report_mult_8x8/mult_8x8_gtlvl.v", 61: 

*Error* view FA1A is not defined for instance S4_1
"report_mult_8x8/mult_8x8_gtlvl.v", 63: 

*Error* view FA1A is not defined for instance S2_2_1
"report_mult_8x8/mult_8x8_gtlvl.v", 65: 

*Error* view FA1A is not defined for instance S3_2_2
"report_mult_8x8/mult_8x8_gtlvl.v", 67: 

*Error* view OR2P is not defined for instance U2
"report_mult_8x8/mult_8x8_gtlvl.v", 69: 

*Error* view AN2P is not defined for instance U3
"report_mult_8x8/mult_8x8_gtlvl.v", 70: 

*Error* view AN2P is not defined for instance U21
"report_mult_8x8/mult_8x8_gtlvl.v", 88: 

*Error* view AN2P is not defined for instance U22
"report_mult_8x8/mult_8x8_gtlvl.v", 89: 

*Error* view AN2P is not defined for instance U23
"report_mult_8x8/mult_8x8_gtlvl.v", 90: 

*Error* view AN2P is not defined for instance U24
"report_mult_8x8/mult_8x8_gtlvl.v", 91: 

*Error* view AN2P is not defined for instance U25
"report_mult_8x8/mult_8x8_gtlvl.v", 92: 

*Error* view AN2P is not defined for instance U26
"report_mult_8x8/mult_8x8_gtlvl.v", 93: 

*Error* view IVP is not defined for instance U4
"report_mult_8x8/mult_8x8_gtlvl.v", 71: 

*Error* view IVP is not defined for instance U5
"report_mult_8x8/mult_8x8_gtlvl.v", 72: 

*Error* view IVP is not defined for instance U13
"report_mult_8x8/mult_8x8_gtlvl.v", 80: 

*Error* view IVP is not defined for instance U14
"report_mult_8x8/mult_8x8_gtlvl.v", 81: 

*Error* view IVP is not defined for instance U15
"report_mult_8x8/mult_8x8_gtlvl.v", 82: 

*Error* view IVP is not defined for instance U16
"report_mult_8x8/mult_8x8_gtlvl.v", 83: 

*Error* view IVP is not defined for instance U17
"report_mult_8x8/mult_8x8_gtlvl.v", 84: 

*Error* view IVP is not defined for instance U18
"report_mult_8x8/mult_8x8_gtlvl.v", 85: 

*Error* view IVP is not defined for instance U19
"report_mult_8x8/mult_8x8_gtlvl.v", 86: 

*Error* view IVP is not defined for instance U20
"report_mult_8x8/mult_8x8_gtlvl.v", 87: 

*Error* view EN is not defined for instance U6
"report_mult_8x8/mult_8x8_gtlvl.v", 73: 

*Error* view EO is not defined for instance U7
"report_mult_8x8/mult_8x8_gtlvl.v", 74: 

*Error* view EO is not defined for instance U8
"report_mult_8x8/mult_8x8_gtlvl.v", 75: 

*Error* view EO is not defined for instance U9
"report_mult_8x8/mult_8x8_gtlvl.v", 76: 

*Error* view EO is not defined for instance U10
"report_mult_8x8/mult_8x8_gtlvl.v", 77: 

*Error* view EO is not defined for instance U11
"report_mult_8x8/mult_8x8_gtlvl.v", 78: 

*Error* view EO is not defined for instance U12
"report_mult_8x8/mult_8x8_gtlvl.v", 79: 

*Error* view EO is not defined for instance U31
"report_mult_8x8/mult_8x8_gtlvl.v", 98: 

*Error* view ND2 is not defined for instance U27
"report_mult_8x8/mult_8x8_gtlvl.v", 94: 

*Error* view AN2 is not defined for instance U28
"report_mult_8x8/mult_8x8_gtlvl.v", 95: 

*Error* view NR2 is not defined for instance U29
"report_mult_8x8/mult_8x8_gtlvl.v", 96: 

*Error* view NR2 is not defined for instance U30
"report_mult_8x8/mult_8x8_gtlvl.v", 97: 

*Error* view NR2 is not defined for instance U33
"report_mult_8x8/mult_8x8_gtlvl.v", 100: 

*Error* view NR2 is not defined for instance U34
"report_mult_8x8/mult_8x8_gtlvl.v", 101: 

*Error* view NR2 is not defined for instance U35
"report_mult_8x8/mult_8x8_gtlvl.v", 102: 

*Error* view NR2 is not defined for instance U36
"report_mult_8x8/mult_8x8_gtlvl.v", 103: 

*Error* view NR2 is not defined for instance U37
"report_mult_8x8/mult_8x8_gtlvl.v", 104: 

*Error* view NR2 is not defined for instance U38
"report_mult_8x8/mult_8x8_gtlvl.v", 105: 

*Error* view NR2 is not defined for instance U39
"report_mult_8x8/mult_8x8_gtlvl.v", 106: 

*Error* view NR2 is not defined for instance U40
"report_mult_8x8/mult_8x8_gtlvl.v", 107: 

*Error* view NR2 is not defined for instance U41
"report_mult_8x8/mult_8x8_gtlvl.v", 108: 

*Error* view NR2 is not defined for instance U42
"report_mult_8x8/mult_8x8_gtlvl.v", 109: 

*Error* view NR2 is not defined for instance U43
"report_mult_8x8/mult_8x8_gtlvl.v", 110: 

*Error* view NR2 is not defined for instance U44
"report_mult_8x8/mult_8x8_gtlvl.v", 111: 

*Error* view NR2 is not defined for instance U45
"report_mult_8x8/mult_8x8_gtlvl.v", 112: 

*Error* view NR2 is not defined for instance U46
"report_mult_8x8/mult_8x8_gtlvl.v", 113: 

*Error* view NR2 is not defined for instance U47
"report_mult_8x8/mult_8x8_gtlvl.v", 114: 

*Error* view NR2 is not defined for instance U48
"report_mult_8x8/mult_8x8_gtlvl.v", 115: 

*Error* view AO6 is not defined for instance U32
"report_mult_8x8/mult_8x8_gtlvl.v", 99: 

*Error* view FA1A is not defined for instance S4_0
"report_mult_8x8/mult_8x8_gtlvl.v", 134: 

*Error* view FA1A is not defined for instance S1_2_0
"report_mult_8x8/mult_8x8_gtlvl.v", 136: 

*Error* view FA1A is not defined for instance S5_2
"report_mult_8x8/mult_8x8_gtlvl.v", 138: 

*Error* view FA1A is not defined for instance S4_1
"report_mult_8x8/mult_8x8_gtlvl.v", 140: 

*Error* view FA1A is not defined for instance S2_2_1
"report_mult_8x8/mult_8x8_gtlvl.v", 142: 

*Error* view FA1A is not defined for instance S3_2_2
"report_mult_8x8/mult_8x8_gtlvl.v", 144: 

*Error* view OR2P is not defined for instance U2
"report_mult_8x8/mult_8x8_gtlvl.v", 146: 

*Error* view AN2P is not defined for instance U3
"report_mult_8x8/mult_8x8_gtlvl.v", 147: 

*Error* view AN2P is not defined for instance U21
"report_mult_8x8/mult_8x8_gtlvl.v", 165: 

*Error* view AN2P is not defined for instance U22
"report_mult_8x8/mult_8x8_gtlvl.v", 166: 

*Error* view AN2P is not defined for instance U23
"report_mult_8x8/mult_8x8_gtlvl.v", 167: 

*Error* view AN2P is not defined for instance U24
"report_mult_8x8/mult_8x8_gtlvl.v", 168: 

*Error* view AN2P is not defined for instance U25
"report_mult_8x8/mult_8x8_gtlvl.v", 169: 

*Error* view AN2P is not defined for instance U26
"report_mult_8x8/mult_8x8_gtlvl.v", 170: 

*Error* view IVP is not defined for instance U4
"report_mult_8x8/mult_8x8_gtlvl.v", 148: 

*Error* view IVP is not defined for instance U5
"report_mult_8x8/mult_8x8_gtlvl.v", 149: 

*Error* view IVP is not defined for instance U13
"report_mult_8x8/mult_8x8_gtlvl.v", 157: 

*Error* view IVP is not defined for instance U14
"report_mult_8x8/mult_8x8_gtlvl.v", 158: 

*Error* view IVP is not defined for instance U15
"report_mult_8x8/mult_8x8_gtlvl.v", 159: 

*Error* view IVP is not defined for instance U16
"report_mult_8x8/mult_8x8_gtlvl.v", 160: 

*Error* view IVP is not defined for instance U17
"report_mult_8x8/mult_8x8_gtlvl.v", 161: 

*Error* view IVP is not defined for instance U18
"report_mult_8x8/mult_8x8_gtlvl.v", 162: 

*Error* view IVP is not defined for instance U19
"report_mult_8x8/mult_8x8_gtlvl.v", 163: 

*Error* view IVP is not defined for instance U20
"report_mult_8x8/mult_8x8_gtlvl.v", 164: 

*Error* view EN is not defined for instance U6
"report_mult_8x8/mult_8x8_gtlvl.v", 150: 

*Error* view EO is not defined for instance U7
"report_mult_8x8/mult_8x8_gtlvl.v", 151: 

*Error* view EO is not defined for instance U8
"report_mult_8x8/mult_8x8_gtlvl.v", 152: 

*Error* view EO is not defined for instance U9
"report_mult_8x8/mult_8x8_gtlvl.v", 153: 

*Error* view EO is not defined for instance U10
"report_mult_8x8/mult_8x8_gtlvl.v", 154: 

*Error* view EO is not defined for instance U11
"report_mult_8x8/mult_8x8_gtlvl.v", 155: 

*Error* view EO is not defined for instance U12
"report_mult_8x8/mult_8x8_gtlvl.v", 156: 

*Error* view EO is not defined for instance U31
"report_mult_8x8/mult_8x8_gtlvl.v", 175: 

*Error* view ND2 is not defined for instance U27
"report_mult_8x8/mult_8x8_gtlvl.v", 171: 

*Error* view AN2 is not defined for instance U28
"report_mult_8x8/mult_8x8_gtlvl.v", 172: 

*Error* view NR2 is not defined for instance U29
"report_mult_8x8/mult_8x8_gtlvl.v", 173: 

*Error* view NR2 is not defined for instance U30
"report_mult_8x8/mult_8x8_gtlvl.v", 174: 

*Error* view NR2 is not defined for instance U33
"report_mult_8x8/mult_8x8_gtlvl.v", 177: 

*Error* view NR2 is not defined for instance U34
"report_mult_8x8/mult_8x8_gtlvl.v", 178: 

*Error* view NR2 is not defined for instance U35
"report_mult_8x8/mult_8x8_gtlvl.v", 179: 

*Error* view NR2 is not defined for instance U36
"report_mult_8x8/mult_8x8_gtlvl.v", 180: 

*Error* view NR2 is not defined for instance U37
"report_mult_8x8/mult_8x8_gtlvl.v", 181: 

*Error* view NR2 is not defined for instance U38
"report_mult_8x8/mult_8x8_gtlvl.v", 182: 

*Error* view NR2 is not defined for instance U39
"report_mult_8x8/mult_8x8_gtlvl.v", 183: 

*Error* view NR2 is not defined for instance U40
"report_mult_8x8/mult_8x8_gtlvl.v", 184: 

*Error* view NR2 is not defined for instance U41
"report_mult_8x8/mult_8x8_gtlvl.v", 185: 

*Error* view NR2 is not defined for instance U42
"report_mult_8x8/mult_8x8_gtlvl.v", 186: 

*Error* view NR2 is not defined for instance U43
"report_mult_8x8/mult_8x8_gtlvl.v", 187: 

*Error* view NR2 is not defined for instance U44
"report_mult_8x8/mult_8x8_gtlvl.v", 188: 

*Error* view NR2 is not defined for instance U45
"report_mult_8x8/mult_8x8_gtlvl.v", 189: 

*Error* view NR2 is not defined for instance U46
"report_mult_8x8/mult_8x8_gtlvl.v", 190: 

*Error* view NR2 is not defined for instance U47
"report_mult_8x8/mult_8x8_gtlvl.v", 191: 

*Error* view NR2 is not defined for instance U48
"report_mult_8x8/mult_8x8_gtlvl.v", 192: 

*Error* view AO6 is not defined for instance U32
"report_mult_8x8/mult_8x8_gtlvl.v", 176: 
Total	213 error(s),   0 warning(s)
